

*******************************************************************************
Tue Jun 19 13:06:57 2018


FIT:    data read from "time.txt" using 1:2
        format = x:z
        #datapoints = 26
        residuals are weighted equally (unit weight)

function used for fitting: f(x)
	f(x)=a*x*x*x
fitted parameters initialized with current variable values

iter      chisq       delta/lim  lambda   a            
   0 3.5009255194e+15   0.00e+00  1.16e+07    1.000000e+00
   5 1.0032162260e-02  -3.80e-09  1.16e+05    1.150489e-07

After 5 iterations the fit converged.
final sum of squares of residuals : 0.0100322
rel. change during last iteration : -3.80416e-15

degrees of freedom    (FIT_NDF)                        : 25
rms of residuals      (FIT_STDFIT) = sqrt(WSSR/ndf)    : 0.0200321
variance of residuals (reduced chisquare) = WSSR/ndf   : 0.000401286

Final set of parameters            Asymptotic Standard Error
=======================            ==========================
a               = 1.15049e-07      +/- 3.386e-10    (0.2943%)
