

*******************************************************************************
Thu May 10 13:43:19 2018


FIT:    data read from "out.txt" using 1:2
        format = x:z
BREAK: No data to fit

*******************************************************************************
Thu May 10 13:44:08 2018


FIT:    data read from "errcheck.txt" using 1:2
        format = x:z
        #datapoints = 1000
        residuals are weighted equally (unit weight)

function used for fitting: f(x)
	f(x) = a1/sqrt(x)
fitted parameters initialized with current variable values

iter      chisq       delta/lim  lambda   a1           
   0 1.2730762416e+05   0.00e+00  8.65e-02    1.000000e+00
   3 3.2947271558e+04  -2.21e-08  8.65e-05    1.132756e+02

After 3 iterations the fit converged.
final sum of squares of residuals : 32947.3
rel. change during last iteration : -2.20836e-16

degrees of freedom    (FIT_NDF)                        : 999
rms of residuals      (FIT_STDFIT) = sqrt(WSSR/ndf)    : 5.74284
variance of residuals (reduced chisquare) = WSSR/ndf   : 32.9803

Final set of parameters            Asymptotic Standard Error
=======================            ==========================
a1              = 113.276          +/- 2.099        (1.853%)


*******************************************************************************
Thu May 10 13:45:37 2018


FIT:    data read from "errcheck.txt" using 1:2
        format = x:z
        #datapoints = 1000
        residuals are weighted equally (unit weight)

function used for fitting: f(x)
	f(x) = a1/sqrt(x)
fitted parameters initialized with current variable values

iter      chisq       delta/lim  lambda   a1           
   0 1.2730762416e+05   0.00e+00  8.65e-02    1.000000e+00
   3 3.2947271558e+04  -2.21e-08  8.65e-05    1.132756e+02

After 3 iterations the fit converged.
final sum of squares of residuals : 32947.3
rel. change during last iteration : -2.20836e-16

degrees of freedom    (FIT_NDF)                        : 999
rms of residuals      (FIT_STDFIT) = sqrt(WSSR/ndf)    : 5.74284
variance of residuals (reduced chisquare) = WSSR/ndf   : 32.9803

Final set of parameters            Asymptotic Standard Error
=======================            ==========================
a1              = 113.276          +/- 2.099        (1.853%)


*******************************************************************************
Thu May 10 13:46:32 2018


FIT:    data read from "errcheck.txt" using 1:2
        format = x:z
        #datapoints = 1000
        residuals are weighted equally (unit weight)

function used for fitting: f(x)
	f(x) = a/sqrt(x)
fitted parameters initialized with current variable values

iter      chisq       delta/lim  lambda   a            
   0 1.2730762416e+05   0.00e+00  8.65e-02    1.000000e+00
   3 3.2947271558e+04  -2.21e-10  8.65e-05    1.132756e+02

After 3 iterations the fit converged.
final sum of squares of residuals : 32947.3
rel. change during last iteration : -2.20836e-16

degrees of freedom    (FIT_NDF)                        : 999
rms of residuals      (FIT_STDFIT) = sqrt(WSSR/ndf)    : 5.74284
variance of residuals (reduced chisquare) = WSSR/ndf   : 32.9803

Final set of parameters            Asymptotic Standard Error
=======================            ==========================
a               = 113.276          +/- 2.099        (1.853%)


*******************************************************************************
Thu May 10 13:47:15 2018


FIT:    data read from "errcheck.txt" using 1:2
        format = x:z
        #datapoints = 1000
        residuals are weighted equally (unit weight)

function used for fitting: f(x)
	f(x) = a/sqrt(x)
fitted parameters initialized with current variable values

iter      chisq       delta/lim  lambda   a            
   0 1.2730762416e+05   0.00e+00  8.65e-02    1.000000e+00
   3 3.2947271558e+04  -2.21e-10  8.65e-05    1.132756e+02

After 3 iterations the fit converged.
final sum of squares of residuals : 32947.3
rel. change during last iteration : -2.20836e-16

degrees of freedom    (FIT_NDF)                        : 999
rms of residuals      (FIT_STDFIT) = sqrt(WSSR/ndf)    : 5.74284
variance of residuals (reduced chisquare) = WSSR/ndf   : 32.9803

Final set of parameters            Asymptotic Standard Error
=======================            ==========================
a               = 113.276          +/- 2.099        (1.853%)


*******************************************************************************
Thu May 10 13:47:34 2018


FIT:    data read from "errcheck.txt" using 1:2
        format = x:z
        #datapoints = 1000
        residuals are weighted equally (unit weight)

function used for fitting: f(x)
	f(x) = a/sqrt(x)
fitted parameters initialized with current variable values

iter      chisq       delta/lim  lambda   a            
   0 1.2730762416e+05   0.00e+00  8.65e-02    1.000000e+00
   3 3.2947271558e+04  -2.21e-10  8.65e-05    1.132756e+02

After 3 iterations the fit converged.
final sum of squares of residuals : 32947.3
rel. change during last iteration : -2.20836e-16

degrees of freedom    (FIT_NDF)                        : 999
rms of residuals      (FIT_STDFIT) = sqrt(WSSR/ndf)    : 5.74284
variance of residuals (reduced chisquare) = WSSR/ndf   : 32.9803

Final set of parameters            Asymptotic Standard Error
=======================            ==========================
a               = 113.276          +/- 2.099        (1.853%)
